2024-12-19T09:35:43.548Z [INFO]: Incoming Request: GET /api/auth/login from ::1
2024-12-19T09:35:43.553Z [INFO]: Response: GET /api/auth/login [302] - 6ms
2024-12-19T09:35:43.725Z [INFO]: Incoming Request: GET /api/auth/callback?session_state=94328461-b4e1-4b3d-919d-cd6a4cb8895c&iss=http%3A%2F%2Flocalhost%3A8080%2Frealms%2FSysInteAndArchi&code=05082cea-3cd1-458f-8084-fef3ae87189e.94328461-b4e1-4b3d-919d-cd6a4cb8895c.bc332107-522e-4199-bab5-712d1382b8c7 from ::1
2024-12-19T09:35:43.758Z [INFO]: Response: GET /api/auth/callback?session_state=94328461-b4e1-4b3d-919d-cd6a4cb8895c&iss=http%3A%2F%2Flocalhost%3A8080%2Frealms%2FSysInteAndArchi&code=05082cea-3cd1-458f-8084-fef3ae87189e.94328461-b4e1-4b3d-919d-cd6a4cb8895c.bc332107-522e-4199-bab5-712d1382b8c7 [200] - 33ms
2024-12-19T09:40:47.884Z [INFO]: Incoming Request: GET /metrics from ::1
2024-12-19T09:40:47.891Z [INFO]: Response: GET /metrics [200] - 8ms
2024-12-19T09:40:47.929Z [INFO]: Incoming Request: GET /favicon.ico from ::1
2024-12-19T09:40:47.932Z [INFO]: Response: GET /favicon.ico [404] - 3ms
2024-12-19T09:41:00.715Z [INFO]: Incoming Request: GET /api/auth/login from ::1
2024-12-19T09:41:00.719Z [INFO]: Response: GET /api/auth/login [302] - 4ms
2024-12-19T09:41:00.931Z [INFO]: Incoming Request: GET /api/auth/callback?session_state=94328461-b4e1-4b3d-919d-cd6a4cb8895c&iss=http%3A%2F%2Flocalhost%3A8080%2Frealms%2FSysInteAndArchi&code=f62f7e9b-0094-4662-902f-daf5e4f0d60c.94328461-b4e1-4b3d-919d-cd6a4cb8895c.bc332107-522e-4199-bab5-712d1382b8c7 from ::1
2024-12-19T09:41:00.988Z [INFO]: Response: GET /api/auth/callback?session_state=94328461-b4e1-4b3d-919d-cd6a4cb8895c&iss=http%3A%2F%2Flocalhost%3A8080%2Frealms%2FSysInteAndArchi&code=f62f7e9b-0094-4662-902f-daf5e4f0d60c.94328461-b4e1-4b3d-919d-cd6a4cb8895c.bc332107-522e-4199-bab5-712d1382b8c7 [200] - 57ms
2024-12-19T09:41:04.358Z [INFO]: Incoming Request: GET /metrics from ::1
2024-12-19T09:41:04.361Z [INFO]: Response: GET /metrics [304] - 3ms
2024-12-19T09:41:11.599Z [INFO]: Incoming Request: GET /api/auth/callback?session_state=94328461-b4e1-4b3d-919d-cd6a4cb8895c&iss=http%3A%2F%2Flocalhost%3A8080%2Frealms%2FSysInteAndArchi&code=f62f7e9b-0094-4662-902f-daf5e4f0d60c.94328461-b4e1-4b3d-919d-cd6a4cb8895c.bc332107-522e-4199-bab5-712d1382b8c7 from ::1
2024-12-19T09:41:11.695Z [INFO]: Response: GET /api/auth/callback?session_state=94328461-b4e1-4b3d-919d-cd6a4cb8895c&iss=http%3A%2F%2Flocalhost%3A8080%2Frealms%2FSysInteAndArchi&code=f62f7e9b-0094-4662-902f-daf5e4f0d60c.94328461-b4e1-4b3d-919d-cd6a4cb8895c.bc332107-522e-4199-bab5-712d1382b8c7 [500] - 96ms
2024-12-19T09:41:16.528Z [INFO]: Incoming Request: GET /metrics from ::1
2024-12-19T09:41:16.530Z [INFO]: Response: GET /metrics [304] - 2ms
2024-12-19T09:42:43.287Z [INFO]: Incoming Request: GET /metrics from ::1
2024-12-19T09:42:43.300Z [INFO]: Response: GET /metrics [200] - 13ms
2024-12-19T09:42:43.356Z [INFO]: Incoming Request: GET /favicon.ico from ::1
2024-12-19T09:42:43.361Z [INFO]: Response: GET /favicon.ico [404] - 5ms
2024-12-19T09:43:27.012Z [INFO]: Incoming Request: GET /metrics from ::1
2024-12-19T09:43:27.013Z [INFO]: Response: GET /metrics [304] - 2ms
2024-12-19T09:43:31.448Z [INFO]: Incoming Request: GET /metrics from ::1
2024-12-19T09:43:31.450Z [INFO]: Response: GET /metrics [200] - 3ms
2024-12-19T09:43:46.864Z [INFO]: Incoming Request: GET /metrics from ::1
2024-12-19T09:43:46.866Z [INFO]: Response: GET /metrics [200] - 2ms
2024-12-19T09:45:13.495Z [INFO]: Incoming Request: GET /metrics from ::1
2024-12-19T09:45:13.502Z [INFO]: Response: GET /metrics [200] - 7ms
2024-12-19T09:45:13.526Z [INFO]: Incoming Request: GET /favicon.ico from ::1
2024-12-19T09:45:13.528Z [INFO]: Response: GET /favicon.ico [404] - 2ms
2024-12-19T10:24:41.875Z [INFO]: Incoming Request: GET /api/auth/login from ::1
2024-12-19T10:24:41.884Z [INFO]: Response: GET /api/auth/login [302] - 10ms
2024-12-19T10:25:08.254Z [INFO]: Incoming Request: POST /api/crm/add-customer from ::1
2024-12-19T10:25:08.261Z [INFO]: Response: POST /api/crm/add-customer [403] - 8ms
